Determining if the C compiler works failed with the following output:
Change Dir: /cygdrive/c/Users/dgmon/GIT/PL/DataStore/cmake-build-debug/CMakeFiles/CMakeTmp

Run Build Command:"/usr/bin/make.exe" "cmTC_83e1f/fast"
/usr/bin/make -f CMakeFiles/cmTC_83e1f.dir/build.make CMakeFiles/cmTC_83e1f.dir/build
make[1]: Entering directory '/cygdrive/c/Users/dgmon/GIT/PL/DataStore/cmake-build-debug/CMakeFiles/CMakeTmp'
Building C object CMakeFiles/cmTC_83e1f.dir/testCCompiler.c.o
"/cygdrive/c/Program Files (x86)/mingw-w64/i686-8.1.0-posix-dwarf-rt_v6-rev0/mingw32/bin/gcc.exe"    -o CMakeFiles/cmTC_83e1f.dir/testCCompiler.c.o   -c /cygdrive/c/Users/dgmon/GIT/PL/DataStore/cmake-build-debug/CMakeFiles/CMakeTmp/testCCompiler.c
gcc.exe: error: /cygdrive/c/Users/dgmon/GIT/PL/DataStore/cmake-build-debug/CMakeFiles/CMakeTmp/testCCompiler.c: No such file or directory
gcc.exe: fatal error: no input files
compilation terminated.
make[1]: *** [CMakeFiles/cmTC_83e1f.dir/build.make:66: CMakeFiles/cmTC_83e1f.dir/testCCompiler.c.o] Error 1
make[1]: Leaving directory '/cygdrive/c/Users/dgmon/GIT/PL/DataStore/cmake-build-debug/CMakeFiles/CMakeTmp'
make: *** [Makefile:121: cmTC_83e1f/fast] Error 2


